Watching for file changes with StatReloader
C:\Users\Tomy\Desktop\Dreamphish\dreamphish\core\views.py changed, reloading.
Watching for file changes with StatReloader
Watching for file changes with StatReloader
Correo de prueba recibido: None
Intento de envío de correo sin dirección válida
C:\Users\Tomy\Desktop\Dreamphish\dreamphish\core\views.py changed, reloading.
Watching for file changes with StatReloader
Correo de prueba recibido: None
Correo de prueba recibido: None
Method Not Allowed (OPTIONS): /track/dad210d7-8795-47f4-a060-1bd8947e057e/
Landing page opened - IP: 127.0.0.1, User-Agent: Mozilla/5.0 (Windows NT 10.0; Win64; x64) AppleWebKit/537.36 (KHTML, like Gecko) Chrome/129.0.0.0 Safari/537.36
Not Found: /l/Test1/dad210d7-8795-47f4-a060-1bd8947e057e/images/fondo3.jpg
Not Found: /l/Test1/dad210d7-8795-47f4-a060-1bd8947e057e/assets/images/favicon.png
C:\Users\Tomy\Desktop\Dreamphish\dreamphish\core\views.py changed, reloading.
Watching for file changes with StatReloader
C:\Users\Tomy\Desktop\Dreamphish\dreamphish\core\views.py changed, reloading.
Watching for file changes with StatReloader
C:\Users\Tomy\Desktop\Dreamphish\dreamphish\core\views.py changed, reloading.
Watching for file changes with StatReloader
C:\Users\Tomy\Desktop\Dreamphish\dreamphish\core\views.py changed, reloading.
Watching for file changes with StatReloader
Correo de prueba recibido: None
Watching for file changes with StatReloader
Not Found: /favicon.ico
Correo de prueba recibido: None
C:\Users\Tomy\Desktop\Dreamphish\dreamphish\core\views.py changed, reloading.
Watching for file changes with StatReloader
C:\Users\Tomy\Desktop\Dreamphish\dreamphish\core\views.py changed, reloading.
Watching for file changes with StatReloader
Watching for file changes with StatReloader
Correo de prueba recibido: None
Intento de envío de correo sin dirección válida
C:\Users\Tomy\Desktop\Dreamphish\dreamphish\core\views.py changed, reloading.
Watching for file changes with StatReloader
Not Found: /favicon.ico
Not Found: /favicon.ico
Not Found: /favicon.ico
Not Found: /favicon.ico
C:\Users\Tomy\Desktop\Dreamphish\dreamphish\core\views.py changed, reloading.
Watching for file changes with StatReloader
Correo de prueba recibido: None
Intento de envío de correo sin dirección válida: None
C:\Users\Tomy\Desktop\Dreamphish\dreamphish\core\views.py changed, reloading.
Watching for file changes with StatReloader
Correo de prueba recibido: 
Intento de envío de correo sin dirección válida: 
Correo de prueba recibido: 
Intento de envío de correo sin dirección válida: 
C:\Users\Tomy\Desktop\Dreamphish\dreamphish\core\views.py changed, reloading.
Watching for file changes with StatReloader
C:\Users\Tomy\Desktop\Dreamphish\dreamphish\core\views.py changed, reloading.
Watching for file changes with StatReloader
C:\Users\Tomy\Desktop\Dreamphish\dreamphish\core\views.py changed, reloading.
Watching for file changes with StatReloader
C:\Users\Tomy\Desktop\Dreamphish\dreamphish\core\views.py changed, reloading.
Watching for file changes with StatReloader
C:\Users\Tomy\Desktop\Dreamphish\dreamphish\core\views.py changed, reloading.
Watching for file changes with StatReloader
C:\Users\Tomy\Desktop\Dreamphish\dreamphish\core\views.py changed, reloading.
Watching for file changes with StatReloader
